<?xml version="1.0" encoding="UTF-8" ?>
<testsuite errors="0" failures="0" hostname="VLORENZANA" name="org.semanticwb.codegen.CodeGeneratorOffice" tests="1" time="9.766" timestamp="2009-04-14T18:18:18">
  <properties>
[...]
</properties>
  <testcase classname="org.semanticwb.codegen.CodeGeneratorOffice" name="generateOffice" time="2.188" />
  <system-out><![CDATA[2009-04-14 13:18:19,156 OFF - Initializing SemanticWebBuilder Platform...
2009-04-14 13:18:19,156 OFF - -->SemanticWebBuilder Version: 4.0.0.0
2009-04-14 13:18:19,156 OFF - -->Java Version: 1.5.0_17-b04
2009-04-14 13:18:19,156 OFF - -->Java Memory: 2031616
2009-04-14 13:18:19,156 INFO - -->File web.properties found...
2009-04-14 13:18:19,172 OFF - Initializing DBConnectionManager...
2009-04-14 13:18:19,188 INFO - Registered JDBC driver org.gjt.mm.mysql.Driver
2009-04-14 13:18:19,188 INFO - Initialized Connection Pool [swb]
2009-04-14 13:18:19,531 DEBUG - Created a new connection in pool swb
2009-04-14 13:18:19,531 TRACE - PoolConnection(0,swb):1
2009-04-14 13:18:19,594 DEBUG - Created a new connection in pool swb
2009-04-14 13:18:19,594 TRACE - PoolConnection(0,swb):2
2009-04-14 13:18:19,594 TRACE - close:(1239733099594,swb):2
2009-04-14 13:18:19,594 INFO - -->Database: MySQL
2009-04-14 13:18:19,594 TRACE - close:(1239733099531,swb):2
2009-04-14 13:18:19,625 OFF - Initializing SemanticMgr...
2009-04-14 13:18:19,625 TRACE - close:(1239733099625,swb):2
2009-04-14 13:18:19,672 DEBUG - Created a new connection in pool swb
2009-04-14 13:18:19,672 TRACE - AutoConnection(0,swb):2
2009-04-14 13:18:19,672 TRACE - close:(1239733099672,swb):2
2009-04-14 13:18:19,672 TRACE - close:(1239733099673,swb):2
2009-04-14 13:18:22,547 DEBUG - Loading Model:swb.owl
2009-04-14 13:18:22,922 DEBUG - Loading Model:swb_rep.owl
2009-04-14 13:18:22,985 DEBUG - Loading Model:office.owl
2009-04-14 13:18:23,188 TRACE - SemanticClass:Rule org.semanticwb.model.Rule http://www.semanticwebbuilder.org/swb4/ontology# swb
2009-04-14 13:18:23,188 TRACE - Registering SemanticClass:http://www.semanticwebbuilder.org/swb4/ontology#Rule --> org.semanticwb.model.Rule
2009-04-14 13:18:23,219 TRACE - SemanticClass:UserGroup org.semanticwb.model.UserGroup http://www.semanticwebbuilder.org/swb4/ontology# swb
2009-04-14 13:18:23,219 TRACE - Registering SemanticClass:http://www.semanticwebbuilder.org/swb4/ontology#UserGroup --> org.semanticwb.model.UserGroup
2009-04-14 13:18:23,235 TRACE - SemanticClass:Traceable org.semanticwb.model.Traceable http://www.semanticwebbuilder.org/swb4/ontology# swb
2009-04-14 13:18:23,235 TRACE - Registering SemanticClass:http://www.semanticwebbuilder.org/swb4/ontology#Traceable --> org.semanticwb.model.Traceable
2009-04-14 13:18:23,266 TRACE - SemanticClass:Role org.semanticwb.model.Role http://www.semanticwebbuilder.org/swb4/ontology# swb
2009-04-14 13:18:23,266 TRACE - Registering SemanticClass:http://www.semanticwebbuilder.org/swb4/ontology#Role --> org.semanticwb.model.Role
2009-04-14 13:18:23,281 TRACE - SemanticClass:Descriptiveable org.semanticwb.model.Descriptiveable http://www.semanticwebbuilder.org/swb4/ontology# swb
2009-04-14 13:18:23,281 TRACE - Registering SemanticClass:http://www.semanticwebbuilder.org/swb4/ontology#Descriptiveable --> org.semanticwb.model.Descriptiveable
2009-04-14 13:18:23,297 TRACE - SemanticClass:PFlow org.semanticwb.model.PFlow http://www.semanticwebbuilder.org/swb4/ontology# swb
2009-04-14 13:18:23,297 TRACE - Registering SemanticClass:http://www.semanticwebbuilder.org/swb4/ontology#PFlow --> org.semanticwb.model.PFlow
2009-04-14 13:18:23,297 TRACE - SemanticClass:Versionable org.semanticwb.model.Versionable http://www.semanticwebbuilder.org/swb4/ontology# swb
2009-04-14 13:18:23,297 TRACE - Registering SemanticClass:http://www.semanticwebbuilder.org/swb4/ontology#Versionable --> org.semanticwb.model.Versionable
2009-04-14 13:18:23,313 TRACE - SemanticClass:ResourceType org.semanticwb.model.ResourceType http://www.semanticwebbuilder.org/swb4/ontology# swb
2009-04-14 13:18:23,313 TRACE - Registering SemanticClass:http://www.semanticwebbuilder.org/swb4/ontology#ResourceType --> org.semanticwb.model.ResourceType
2009-04-14 13:18:23,328 TRACE - SemanticClass:Model Model http://www.semanticwebbuilder.org/swb4/ontology# swb
2009-04-14 13:18:23,328 TRACE - Registering SemanticClass:http://www.semanticwebbuilder.org/swb4/ontology#Model --> Model
2009-04-14 13:18:23,344 TRACE - SemanticClass:FormView org.semanticwb.model.FormView http://www.semanticwebbuilder.org/swb4/xforms/ontology# swbxf
2009-04-14 13:18:23,344 TRACE - Registering SemanticClass:http://www.semanticwebbuilder.org/swb4/xforms/ontology#FormView --> org.semanticwb.model.FormView
2009-04-14 13:18:23,344 TRACE - SemanticClass:ResourceSubType org.semanticwb.model.ResourceSubType http://www.semanticwebbuilder.org/swb4/ontology# swb
2009-04-14 13:18:23,344 TRACE - Registering SemanticClass:http://www.semanticwebbuilder.org/swb4/ontology#ResourceSubType --> org.semanticwb.model.ResourceSubType
2009-04-14 13:18:23,360 TRACE - SemanticClass:WebPage org.semanticwb.model.WebPage http://www.semanticwebbuilder.org/swb4/ontology# swb
2009-04-14 13:18:23,360 TRACE - Registering SemanticClass:http://www.semanticwebbuilder.org/swb4/ontology#WebPage --> org.semanticwb.model.WebPage
2009-04-14 13:18:23,360 TRACE - SemanticClass:UserGroupRefable org.semanticwb.model.UserGroupRefable http://www.semanticwebbuilder.org/swb4/ontology# swb
2009-04-14 13:18:23,360 TRACE - Registering SemanticClass:http://www.semanticwebbuilder.org/swb4/ontology#UserGroupRefable --> org.semanticwb.model.UserGroupRefable
2009-04-14 13:18:23,375 TRACE - SemanticClass:base org.semanticwb.repository.BaseNode http://www.jcp.org/jcr/nt/1.0# nt
2009-04-14 13:18:23,375 TRACE - Registering SemanticClass:http://www.jcp.org/jcr/nt/1.0#base --> org.semanticwb.repository.BaseNode
2009-04-14 13:18:23,391 TRACE - SemanticClass:Template org.semanticwb.model.Template http://www.semanticwebbuilder.org/swb4/ontology# swb
2009-04-14 13:18:23,391 TRACE - Registering SemanticClass:http://www.semanticwebbuilder.org/swb4/ontology#Template --> org.semanticwb.model.Template
2009-04-14 13:18:23,391 TRACE - SemanticClass:Calendarable org.semanticwb.model.Calendarable http://www.semanticwebbuilder.org/swb4/ontology# swb
2009-04-14 13:18:23,391 TRACE - Registering SemanticClass:http://www.semanticwebbuilder.org/swb4/ontology#Calendarable --> org.semanticwb.model.Calendarable
2009-04-14 13:18:23,406 TRACE - SemanticClass:Device org.semanticwb.model.Device http://www.semanticwebbuilder.org/swb4/ontology# swb
2009-04-14 13:18:23,406 TRACE - Registering SemanticClass:http://www.semanticwebbuilder.org/swb4/ontology#Device --> org.semanticwb.model.Device
2009-04-14 13:18:23,422 TRACE - SemanticClass:Resource org.semanticwb.model.Resource http://www.semanticwebbuilder.org/swb4/ontology# swb
2009-04-14 13:18:23,422 TRACE - Registering SemanticClass:http://www.semanticwebbuilder.org/swb4/ontology#Resource --> org.semanticwb.model.Resource
2009-04-14 13:18:23,422 TRACE - SemanticClass:Campable org.semanticwb.model.Campable http://www.semanticwebbuilder.org/swb4/ontology# swb
2009-04-14 13:18:23,422 TRACE - Registering SemanticClass:http://www.semanticwebbuilder.org/swb4/ontology#Campable --> org.semanticwb.model.Campable
2009-04-14 13:18:23,422 TRACE - SemanticClass:TemplateGroup org.semanticwb.model.TemplateGroup http://www.semanticwebbuilder.org/swb4/ontology# swb
2009-04-14 13:18:23,422 TRACE - Registering SemanticClass:http://www.semanticwebbuilder.org/swb4/ontology#TemplateGroup --> org.semanticwb.model.TemplateGroup
2009-04-14 13:18:23,438 TRACE - SemanticClass:Hitable org.semanticwb.model.Hitable http://www.semanticwebbuilder.org/swb4/ontology# swb
2009-04-14 13:18:23,438 TRACE - Registering SemanticClass:http://www.semanticwebbuilder.org/swb4/ontology#Hitable --> org.semanticwb.model.Hitable
2009-04-14 13:18:23,453 TRACE - SemanticClass:XMLable org.semanticwb.model.XMLable http://www.semanticwebbuilder.org/swb4/ontology# swb
2009-04-14 13:18:23,453 TRACE - Registering SemanticClass:http://www.semanticwebbuilder.org/swb4/ontology#XMLable --> org.semanticwb.model.XMLable
2009-04-14 13:18:23,469 TRACE - SemanticClass:XMLConfable org.semanticwb.model.XMLConfable http://www.semanticwebbuilder.org/swb4/ontology# swb
2009-04-14 13:18:23,469 TRACE - Registering SemanticClass:http://www.semanticwebbuilder.org/swb4/ontology#XMLConfable --> org.semanticwb.model.XMLConfable
2009-04-14 13:18:23,485 TRACE - SemanticClass:Trashable org.semanticwb.model.Trashable http://www.semanticwebbuilder.org/swb4/ontology# swb
2009-04-14 13:18:23,485 TRACE - Registering SemanticClass:http://www.semanticwebbuilder.org/swb4/ontology#Trashable --> org.semanticwb.model.Trashable
2009-04-14 13:18:23,485 TRACE - SemanticClass:Activeable org.semanticwb.model.Activeable http://www.semanticwebbuilder.org/swb4/ontology# swb
2009-04-14 13:18:23,485 TRACE - Registering SemanticClass:http://www.semanticwebbuilder.org/swb4/ontology#Activeable --> org.semanticwb.model.Activeable
2009-04-14 13:18:23,500 TRACE - SemanticClass:Localeable org.semanticwb.model.Localeable http://www.semanticwebbuilder.org/swb4/ontology# swb
2009-04-14 13:18:23,500 TRACE - Registering SemanticClass:http://www.semanticwebbuilder.org/swb4/ontology#Localeable --> org.semanticwb.model.Localeable
2009-04-14 13:18:23,516 TRACE - SemanticClass:Viewable org.semanticwb.model.Viewable http://www.semanticwebbuilder.org/swb4/ontology# swb
2009-04-14 13:18:23,516 TRACE - Registering SemanticClass:http://www.semanticwebbuilder.org/swb4/ontology#Viewable --> org.semanticwb.model.Viewable
2009-04-14 13:18:23,516 TRACE - SemanticClass:Indexable org.semanticwb.model.Indexable http://www.semanticwebbuilder.org/swb4/ontology# swb
2009-04-14 13:18:23,516 TRACE - Registering SemanticClass:http://www.semanticwebbuilder.org/swb4/ontology#Indexable --> org.semanticwb.model.Indexable
2009-04-14 13:18:23,531 TRACE - SemanticClass:Priorityable org.semanticwb.model.Priorityable http://www.semanticwebbuilder.org/swb4/ontology# swb
2009-04-14 13:18:23,531 TRACE - Registering SemanticClass:http://www.semanticwebbuilder.org/swb4/ontology#Priorityable --> org.semanticwb.model.Priorityable
2009-04-14 13:18:23,547 TRACE - SemanticClass:RoleRefable org.semanticwb.model.RoleRefable http://www.semanticwebbuilder.org/swb4/ontology# swb
2009-04-14 13:18:23,547 TRACE - Registering SemanticClass:http://www.semanticwebbuilder.org/swb4/ontology#RoleRefable --> org.semanticwb.model.RoleRefable
2009-04-14 13:18:23,563 TRACE - SemanticClass:RuleRefable org.semanticwb.model.RuleRefable http://www.semanticwebbuilder.org/swb4/ontology# swb
2009-04-14 13:18:23,563 TRACE - Registering SemanticClass:http://www.semanticwebbuilder.org/swb4/ontology#RuleRefable --> org.semanticwb.model.RuleRefable
2009-04-14 13:18:23,578 TRACE - SemanticClass:Deviceable org.semanticwb.model.Deviceable http://www.semanticwebbuilder.org/swb4/ontology# swb
2009-04-14 13:18:23,578 TRACE - Registering SemanticClass:http://www.semanticwebbuilder.org/swb4/ontology#Deviceable --> org.semanticwb.model.Deviceable
2009-04-14 13:18:23,594 TRACE - SemanticClass:TemplateRefable org.semanticwb.model.TemplateRefable http://www.semanticwebbuilder.org/swb4/ontology# swb
2009-04-14 13:18:23,594 TRACE - Registering SemanticClass:http://www.semanticwebbuilder.org/swb4/ontology#TemplateRefable --> org.semanticwb.model.TemplateRefable
2009-04-14 13:18:23,594 TRACE - SemanticClass:PFlowRefable org.semanticwb.model.PFlowRefable http://www.semanticwebbuilder.org/swb4/ontology# swb
2009-04-14 13:18:23,594 TRACE - Registering SemanticClass:http://www.semanticwebbuilder.org/swb4/ontology#PFlowRefable --> org.semanticwb.model.PFlowRefable
2009-04-14 13:18:23,610 TRACE - SemanticClass:Undeleteable org.semanticwb.model.Undeleteable http://www.semanticwebbuilder.org/swb4/ontology# swb
2009-04-14 13:18:23,610 TRACE - Registering SemanticClass:http://www.semanticwebbuilder.org/swb4/ontology#Undeleteable --> org.semanticwb.model.Undeleteable
2009-04-14 13:18:23,625 TRACE - SemanticClass:Resourceable org.semanticwb.model.Resourceable http://www.semanticwebbuilder.org/swb4/ontology# swb
2009-04-14 13:18:23,625 TRACE - Registering SemanticClass:http://www.semanticwebbuilder.org/swb4/ontology#Resourceable --> org.semanticwb.model.Resourceable
2009-04-14 13:18:23,625 TRACE - SemanticClass:Hiddenable org.semanticwb.model.Hiddenable http://www.semanticwebbuilder.org/swb4/ontology# swb
2009-04-14 13:18:23,625 TRACE - Registering SemanticClass:http://www.semanticwebbuilder.org/swb4/ontology#Hiddenable --> org.semanticwb.model.Hiddenable
2009-04-14 13:18:23,641 TRACE - SemanticClass:Class Class http://www.w3.org/2002/07/owl# owl
2009-04-14 13:18:23,641 TRACE - Registering SemanticClass:http://www.w3.org/2002/07/owl#Class --> Class
2009-04-14 13:18:23,672 TRACE - Registering SemanticClass:http://www.semanticwebbuilder.org/swb4/ontology#Rule --> org.semanticwb.model.Rule
2009-04-14 13:18:23,672 TRACE - Registering SemanticClass:http://www.semanticwebbuilder.org/swb4/ontology#WebPage --> org.semanticwb.model.WebPage
2009-04-14 13:18:23,672 TRACE - Registering SemanticClass:http://www.semanticwebbuilder.org/swb4/ontology#Traceable --> org.semanticwb.model.Traceable
2009-04-14 13:18:23,672 TRACE - SemanticClass:DisplayProperty org.semanticwb.model.DisplayProperty http://www.semanticwebbuilder.org/swb4/xforms/ontology# swbxf
2009-04-14 13:18:23,672 TRACE - Registering SemanticClass:http://www.semanticwebbuilder.org/swb4/xforms/ontology#DisplayProperty --> org.semanticwb.model.DisplayProperty
2009-04-14 13:18:23,688 TRACE - SemanticClass:Sortable org.semanticwb.model.Sortable http://www.semanticwebbuilder.org/swb4/ontology# swb
2009-04-14 13:18:23,688 TRACE - Registering SemanticClass:http://www.semanticwebbuilder.org/swb4/ontology#Sortable --> org.semanticwb.model.Sortable
2009-04-14 13:18:23,688 TRACE - Registering SemanticClass:http://www.semanticwebbuilder.org/swb4/xforms/ontology#DisplayProperty --> org.semanticwb.model.DisplayProperty
2009-04-14 13:18:23,688 TRACE - SemanticClass:SWBInterface org.semanticwb.model.SWBInterface http://www.semanticwebbuilder.org/swb4/ontology# swb
2009-04-14 13:18:23,688 TRACE - Registering SemanticClass:http://www.semanticwebbuilder.org/swb4/ontology#SWBInterface --> org.semanticwb.model.SWBInterface
2009-04-14 13:18:23,703 TRACE - Registering SemanticClass:http://www.semanticwebbuilder.org/swb4/ontology#SWBInterface --> org.semanticwb.model.SWBInterface
2009-04-14 13:18:23,703 TRACE - SemanticClass:FormViewRef org.semanticwb.model.FormViewRef http://www.semanticwebbuilder.org/swb4/xforms/ontology# swbxf
2009-04-14 13:18:23,703 TRACE - Registering SemanticClass:http://www.semanticwebbuilder.org/swb4/xforms/ontology#FormViewRef --> org.semanticwb.model.FormViewRef
2009-04-14 13:18:23,703 TRACE - Registering SemanticClass:http://www.semanticwebbuilder.org/swb4/xforms/ontology#FormViewRef --> org.semanticwb.model.FormViewRef
2009-04-14 13:18:23,703 TRACE - Registering SemanticClass:http://www.semanticwebbuilder.org/swb4/ontology#TemplateRefable --> org.semanticwb.model.TemplateRefable
2009-04-14 13:18:23,719 TRACE - SemanticClass:PFlowInstance org.semanticwb.model.PFlowInstance http://www.semanticwebbuilder.org/swb4/ontology# swb
2009-04-14 13:18:23,719 TRACE - Registering SemanticClass:http://www.semanticwebbuilder.org/swb4/ontology#PFlowInstance --> org.semanticwb.model.PFlowInstance
2009-04-14 13:18:23,719 TRACE - Registering SemanticClass:http://www.semanticwebbuilder.org/swb4/ontology#PFlowInstance --> org.semanticwb.model.PFlowInstance
2009-04-14 13:18:23,719 TRACE - Registering SemanticClass:http://www.semanticwebbuilder.org/swb4/ontology#Resourceable --> org.semanticwb.model.Resourceable
2009-04-14 13:18:23,719 TRACE - Registering SemanticClass:http://www.semanticwebbuilder.org/swb4/ontology#Calendarable --> org.semanticwb.model.Calendarable
2009-04-14 13:18:23,719 TRACE - SemanticClass:SecurityQuestion org.semanticwb.model.SecurityQuestion http://www.semanticwebbuilder.org/swb4/xforms/ontology# swbxf
2009-04-14 13:18:23,719 TRACE - Registering SemanticClass:http://www.semanticwebbuilder.org/swb4/xforms/ontology#SecurityQuestion --> org.semanticwb.model.SecurityQuestion
2009-04-14 13:18:23,735 TRACE - Registering SemanticClass:http://www.semanticwebbuilder.org/swb4/xforms/ontology#SecurityQuestion --> org.semanticwb.model.SecurityQuestion
2009-04-14 13:18:23,735 TRACE - Registering SemanticClass:http://www.semanticwebbuilder.org/swb4/ontology#Descriptiveable --> org.semanticwb.model.Descriptiveable
2009-04-14 13:18:23,735 TRACE - SemanticClass:TextArea org.semanticwb.model.TextArea http://www.semanticwebbuilder.org/swb4/xforms/ontology# swbxf
2009-04-14 13:18:23,735 TRACE - Registering SemanticClass:http://www.semanticwebbuilder.org/swb4/xforms/ontology#TextArea --> org.semanticwb.model.TextArea
2009-04-14 13:18:23,735 TRACE - Registering SemanticClass:http://www.semanticwebbuilder.org/swb4/xforms/ontology#TextArea --> org.semanticwb.model.TextArea
2009-04-14 13:18:23,735 TRACE - Registering SemanticClass:http://www.semanticwebbuilder.org/swb4/ontology#ResourceSubType --> org.semanticwb.model.ResourceSubType
2009-04-14 13:18:23,750 TRACE - SemanticClass:UserGroupable org.semanticwb.model.UserGroupable http://www.semanticwebbuilder.org/swb4/ontology# swb
2009-04-14 13:18:23,750 TRACE - Registering SemanticClass:http://www.semanticwebbuilder.org/swb4/ontology#UserGroupable --> org.semanticwb.model.UserGroupable
2009-04-14 13:18:23,750 TRACE - Registering SemanticClass:http://www.semanticwebbuilder.org/swb4/ontology#UserGroupable --> org.semanticwb.model.UserGroupable
2009-04-14 13:18:23,750 TRACE - Registering SemanticClass:http://www.semanticwebbuilder.org/swb4/ontology#Resource --> org.semanticwb.model.Resource
2009-04-14 13:18:23,750 TRACE - SemanticClass:Roleable org.semanticwb.model.Roleable http://www.semanticwebbuilder.org/swb4/ontology# swb
2009-04-14 13:18:23,750 TRACE - Registering SemanticClass:http://www.semanticwebbuilder.org/swb4/ontology#Roleable --> org.semanticwb.model.Roleable
2009-04-14 13:18:23,766 TRACE - Registering SemanticClass:http://www.semanticwebbuilder.org/swb4/ontology#Roleable --> org.semanticwb.model.Roleable
2009-04-14 13:18:23,766 TRACE - SemanticClass:SWBClass org.semanticwb.model.SWBClass http://www.semanticwebbuilder.org/swb4/ontology# swb
2009-04-14 13:18:23,766 TRACE - Registering SemanticClass:http://www.semanticwebbuilder.org/swb4/ontology#SWBClass --> org.semanticwb.model.SWBClass
2009-04-14 13:18:23,766 TRACE - Registering SemanticClass:http://www.semanticwebbuilder.org/swb4/ontology#SWBClass --> org.semanticwb.model.SWBClass
2009-04-14 13:18:23,766 TRACE - Registering SemanticClass:http://www.semanticwebbuilder.org/swb4/ontology#PFlow --> org.semanticwb.model.PFlow
2009-04-14 13:18:23,781 TRACE - SemanticClass:Community org.semanticwb.model.Community http://www.semanticwebbuilder.org/swb4/ontology# swb
2009-04-14 13:18:23,781 TRACE - Registering SemanticClass:http://www.semanticwebbuilder.org/swb4/ontology#Community --> org.semanticwb.model.Community
2009-04-14 13:18:23,781 TRACE - Registering SemanticClass:http://www.semanticwebbuilder.org/swb4/ontology#Community --> org.semanticwb.model.Community
2009-04-14 13:18:23,781 TRACE - Registering SemanticClass:http://www.semanticwebbuilder.org/swb4/ontology#Versionable --> org.semanticwb.model.Versionable
2009-04-14 13:18:23,781 TRACE - Registering SemanticClass:http://www.semanticwebbuilder.org/swb4/ontology#XMLConfable --> org.semanticwb.model.XMLConfable
2009-04-14 13:18:23,781 TRACE - SemanticClass:Inheritable org.semanticwb.model.Inheritable http://www.semanticwebbuilder.org/swb4/ontology# swb
2009-04-14 13:18:23,781 TRACE - Registering SemanticClass:http://www.semanticwebbuilder.org/swb4/ontology#Inheritable --> org.semanticwb.model.Inheritable
2009-04-14 13:18:23,797 TRACE - Registering SemanticClass:http://www.semanticwebbuilder.org/swb4/ontology#Inheritable --> org.semanticwb.model.Inheritable
2009-04-14 13:18:23,797 TRACE - SemanticClass:RuleRef org.semanticwb.model.RuleRef http://www.semanticwebbuilder.org/swb4/ontology# swb
2009-04-14 13:18:23,797 TRACE - Registering SemanticClass:http://www.semanticwebbuilder.org/swb4/ontology#RuleRef --> org.semanticwb.model.RuleRef
2009-04-14 13:18:23,797 TRACE - Registering SemanticClass:http://www.semanticwebbuilder.org/swb4/ontology#RuleRef --> org.semanticwb.model.RuleRef
2009-04-14 13:18:23,797 TRACE - Registering SemanticClass:http://www.semanticwebbuilder.org/swb4/ontology#Trashable --> org.semanticwb.model.Trashable
2009-04-14 13:18:23,797 TRACE - SemanticClass:HtmlElement org.semanticwb.model.HtmlElement http://www.semanticwebbuilder.org/swb4/xforms/ontology# swbxf
2009-04-14 13:18:23,797 TRACE - Registering SemanticClass:http://www.semanticwebbuilder.org/swb4/xforms/ontology#HtmlElement --> org.semanticwb.model.HtmlElement
2009-04-14 13:18:23,813 TRACE - Registering SemanticClass:http://www.semanticwebbuilder.org/swb4/xforms/ontology#HtmlElement --> org.semanticwb.model.HtmlElement
2009-04-14 13:18:23,813 TRACE - Registering SemanticClass:http://www.semanticwebbuilder.org/swb4/ontology#PFlowRefable --> org.semanticwb.model.PFlowRefable
2009-04-14 13:18:23,813 TRACE - SemanticClass:SWBFormElement org.semanticwb.model.SWBFormElement http://www.semanticwebbuilder.org/swb4/ontology# swb
2009-04-14 13:18:23,813 TRACE - Registering SemanticClass:http://www.semanticwebbuilder.org/swb4/ontology#SWBFormElement --> org.semanticwb.model.SWBFormElement
2009-04-14 13:18:23,813 TRACE - Registering SemanticClass:http://www.semanticwebbuilder.org/swb4/ontology#SWBFormElement --> org.semanticwb.model.SWBFormElement
2009-04-14 13:18:23,813 TRACE - Registering SemanticClass:http://www.semanticwebbuilder.org/swb4/ontology#TemplateGroup --> org.semanticwb.model.TemplateGroup
2009-04-14 13:18:23,813 TRACE - Registering SemanticClass:http://www.semanticwebbuilder.org/swb4/ontology#Deviceable --> org.semanticwb.model.Deviceable
2009-04-14 13:18:23,813 TRACE - Registering SemanticClass:http://www.semanticwebbuilder.org/swb4/ontology#Viewable --> org.semanticwb.model.Viewable
2009-04-14 13:18:23,828 TRACE - SemanticClass:SelectOne org.semanticwb.model.SelectOne http://www.semanticwebbuilder.org/swb4/xforms/ontology# swbxf
2009-04-14 13:18:23,828 TRACE - Registering SemanticClass:http://www.semanticwebbuilder.org/swb4/xforms/ontology#SelectOne --> org.semanticwb.model.SelectOne
2009-04-14 13:18:23,828 TRACE - Registering SemanticClass:http://www.semanticwebbuilder.org/swb4/xforms/ontology#SelectOne --> org.semanticwb.model.SelectOne
2009-04-14 13:18:23,828 TRACE - SemanticClass:ResourceRef org.semanticwb.model.ResourceRef http://www.semanticwebbuilder.org/swb4/ontology# swb
2009-04-14 13:18:23,828 TRACE - Registering SemanticClass:http://www.semanticwebbuilder.org/swb4/ontology#ResourceRef --> org.semanticwb.model.ResourceRef
2009-04-14 13:18:23,828 TRACE - Registering SemanticClass:http://www.semanticwebbuilder.org/swb4/ontology#ResourceRef --> org.semanticwb.model.ResourceRef
2009-04-14 13:18:23,844 TRACE - SemanticClass:Camp org.semanticwb.model.Camp http://www.semanticwebbuilder.org/swb4/ontology# swb
2009-04-14 13:18:23,844 TRACE - Registering SemanticClass:http://www.semanticwebbuilder.org/swb4/ontology#Camp --> org.semanticwb.model.Camp
2009-04-14 13:18:23,844 TRACE - SemanticClass:Ruleable org.semanticwb.model.Ruleable http://www.semanticwebbuilder.org/swb4/ontology# swb
2009-04-14 13:18:23,844 TRACE - Registering SemanticClass:http://www.semanticwebbuilder.org/swb4/ontology#Ruleable --> org.semanticwb.model.Ruleable
2009-04-14 13:18:23,860 TRACE - Registering SemanticClass:http://www.semanticwebbuilder.org/swb4/ontology#Camp --> org.semanticwb.model.Camp
2009-04-14 13:18:23,860 TRACE - SemanticClass:ObjectBehavior org.semanticwb.model.ObjectBehavior http://www.semanticwebbuilder.org/swb4/xforms/ontology# swbxf
2009-04-14 13:18:23,860 TRACE - Registering SemanticClass:http://www.semanticwebbuilder.org/swb4/xforms/ontology#ObjectBehavior --> org.semanticwb.model.ObjectBehavior
2009-04-14 13:18:23,875 TRACE - SemanticClass:Iconable org.semanticwb.model.Iconable http://www.semanticwebbuilder.org/swb4/ontology# swb
2009-04-14 13:18:23,875 TRACE - Registering SemanticClass:http://www.semanticwebbuilder.org/swb4/ontology#Iconable --> org.semanticwb.model.Iconable
2009-04-14 13:18:23,875 TRACE - Registering SemanticClass:http://www.semanticwebbuilder.org/swb4/xforms/ontology#ObjectBehavior --> org.semanticwb.model.ObjectBehavior
2009-04-14 13:18:23,875 TRACE - Registering SemanticClass:http://www.semanticwebbuilder.org/swb4/ontology#Ruleable --> org.semanticwb.model.Ruleable
2009-04-14 13:18:23,891 TRACE - SemanticClass:Dns org.semanticwb.model.Dns http://www.semanticwebbuilder.org/swb4/ontology# swb
2009-04-14 13:18:23,891 TRACE - Registering SemanticClass:http://www.semanticwebbuilder.org/swb4/ontology#Dns --> org.semanticwb.model.Dns
2009-04-14 13:18:23,891 TRACE - SemanticClass:WebPageable org.semanticwb.model.WebPageable http://www.semanticwebbuilder.org/swb4/ontology# swb
2009-04-14 13:18:23,891 TRACE - Registering SemanticClass:http://www.semanticwebbuilder.org/swb4/ontology#WebPageable --> org.semanticwb.model.WebPageable
2009-04-14 13:18:23,906 TRACE - Registering SemanticClass:http://www.semanticwebbuilder.org/swb4/ontology#Dns --> org.semanticwb.model.Dns
2009-04-14 13:18:23,906 TRACE - SemanticClass:WebSite org.semanticwb.model.WebSite http://www.semanticwebbuilder.org/swb4/ontology# swb
2009-04-14 13:18:23,906 TRACE - Registering SemanticClass:http://www.semanticwebbuilder.org/swb4/ontology#WebSite --> org.semanticwb.model.WebSite
2009-04-14 13:18:23,906 TRACE - Registering SemanticClass:http://www.semanticwebbuilder.org/swb4/ontology#WebSite --> org.semanticwb.model.WebSite
2009-04-14 13:18:23,922 TRACE - SemanticClass:UserGroupRef org.semanticwb.model.UserGroupRef http://www.semanticwebbuilder.org/swb4/ontology# swb
2009-04-14 13:18:23,922 TRACE - Registering SemanticClass:http://www.semanticwebbuilder.org/swb4/ontology#UserGroupRef --> org.semanticwb.model.UserGroupRef
2009-04-14 13:18:23,922 TRACE - Registering SemanticClass:http://www.semanticwebbuilder.org/swb4/ontology#UserGroupRef --> org.semanticwb.model.UserGroupRef
2009-04-14 13:18:23,922 TRACE - SemanticClass:PFlowable org.semanticwb.model.PFlowable http://www.semanticwebbuilder.org/swb4/ontology# swb
2009-04-14 13:18:23,922 TRACE - Registering SemanticClass:http://www.semanticwebbuilder.org/swb4/ontology#PFlowable --> org.semanticwb.model.PFlowable
2009-04-14 13:18:23,922 TRACE - Registering SemanticClass:http://www.semanticwebbuilder.org/swb4/ontology#PFlowable --> org.semanticwb.model.PFlowable
2009-04-14 13:18:23,938 TRACE - SemanticClass:Filterable org.semanticwb.model.Filterable http://www.semanticwebbuilder.org/swb4/ontology# swb
2009-04-14 13:18:23,938 TRACE - Registering SemanticClass:http://www.semanticwebbuilder.org/swb4/ontology#Filterable --> org.semanticwb.model.Filterable
2009-04-14 13:18:23,938 TRACE - Registering SemanticClass:http://www.semanticwebbuilder.org/swb4/ontology#Filterable --> org.semanticwb.model.Filterable
2009-04-14 13:18:23,938 TRACE - Registering SemanticClass:http://www.semanticwebbuilder.org/swb4/ontology#Localeable --> org.semanticwb.model.Localeable
2009-04-14 13:18:23,938 TRACE - Registering SemanticClass:http://www.semanticwebbuilder.org/swb4/ontology#RuleRefable --> org.semanticwb.model.RuleRefable
2009-04-14 13:18:23,938 TRACE - SemanticClass:HerarquicalNode org.semanticwb.model.HerarquicalNode http://www.semanticwebbuilder.org/swb4/xforms/ontology# swbxf
2009-04-14 13:18:23,938 TRACE - Registering SemanticClass:http://www.semanticwebbuilder.org/swb4/xforms/ontology#HerarquicalNode --> org.semanticwb.model.HerarquicalNode
2009-04-14 13:18:23,953 TRACE - Registering SemanticClass:http://www.semanticwebbuilder.org/swb4/xforms/ontology#HerarquicalNode --> org.semanticwb.model.HerarquicalNode
2009-04-14 13:18:23,953 TRACE - Registering SemanticClass:http://www.semanticwebbuilder.org/swb4/ontology#Campable --> org.semanticwb.model.Campable
2009-04-14 13:18:23,953 TRACE - Registering SemanticClass:http://www.semanticwebbuilder.org/swb4/ontology#Activeable --> org.semanticwb.model.Activeable
2009-04-14 13:18:23,953 TRACE - Registering SemanticClass:http://www.semanticwebbuilder.org/swb4/ontology#UserGroupRefable --> org.semanticwb.model.UserGroupRefable
2009-04-14 13:18:23,953 TRACE - SemanticClass:ResourceRefable org.semanticwb.model.ResourceRefable http://www.semanticwebbuilder.org/swb4/ontology# swb
2009-04-14 13:18:23,953 TRACE - Registering SemanticClass:http://www.semanticwebbuilder.org/swb4/ontology#ResourceRefable --> org.semanticwb.model.ResourceRefable
2009-04-14 13:18:23,953 TRACE - Registering SemanticClass:http://www.semanticwebbuilder.org/swb4/ontology#ResourceRefable --> org.semanticwb.model.ResourceRefable
2009-04-14 13:18:23,969 TRACE - SemanticClass:UserFavorites org.semanticwb.model.UserFavorites http://www.semanticwebbuilder.org/swb4/ontology# swb
2009-04-14 13:18:23,969 TRACE - Registering SemanticClass:http://www.semanticwebbuilder.org/swb4/ontology#UserFavorites --> org.semanticwb.model.UserFavorites
2009-04-14 13:18:23,969 TRACE - Registering SemanticClass:http://www.semanticwebbuilder.org/swb4/ontology#UserFavorites --> org.semanticwb.model.UserFavorites
2009-04-14 13:18:23,969 TRACE - Registering SemanticClass:http://www.semanticwebbuilder.org/swb4/ontology#XMLable --> org.semanticwb.model.XMLable
2009-04-14 13:18:23,969 TRACE - Registering SemanticClass:http://www.semanticwebbuilder.org/swb4/ontology#Iconable --> org.semanticwb.model.Iconable
2009-04-14 13:18:23,969 TRACE - Registering SemanticClass:http://www.semanticwebbuilder.org/swb4/ontology#Priorityable --> org.semanticwb.model.Priorityable
2009-04-14 13:18:23,969 TRACE - SemanticClass:Permission org.semanticwb.model.Permission http://www.semanticwebbuilder.org/swb4/ontology# swb
2009-04-14 13:18:23,969 TRACE - Registering SemanticClass:http://www.semanticwebbuilder.org/swb4/ontology#Permission --> org.semanticwb.model.Permission
2009-04-14 13:18:23,969 TRACE - Registering SemanticClass:http://www.semanticwebbuilder.org/swb4/ontology#Permission --> org.semanticwb.model.Permission
2009-04-14 13:18:23,985 TRACE - SemanticClass:IPFilter org.semanticwb.model.IPFilter http://www.semanticwebbuilder.org/swb4/ontology# swb
2009-04-14 13:18:23,985 TRACE - Registering SemanticClass:http://www.semanticwebbuilder.org/swb4/ontology#IPFilter --> org.semanticwb.model.IPFilter
2009-04-14 13:18:23,985 TRACE - Registering SemanticClass:http://www.semanticwebbuilder.org/swb4/ontology#IPFilter --> org.semanticwb.model.IPFilter
2009-04-14 13:18:23,985 TRACE - SemanticClass:CodeEditor org.semanticwb.model.CodeEditor http://www.semanticwebbuilder.org/swb4/xforms/ontology# swbxf
2009-04-14 13:18:23,985 TRACE - Registering SemanticClass:http://www.semanticwebbuilder.org/swb4/xforms/ontology#CodeEditor --> org.semanticwb.model.CodeEditor
2009-04-14 13:18:24,000 TRACE - Registering SemanticClass:http://www.semanticwebbuilder.org/swb4/xforms/ontology#CodeEditor --> org.semanticwb.model.CodeEditor
2009-04-14 13:18:24,000 TRACE - Registering SemanticClass:http://www.semanticwebbuilder.org/swb4/ontology#Template --> org.semanticwb.model.Template
2009-04-14 13:18:24,000 TRACE - SemanticClass:ObjectAction org.semanticwb.model.ObjectAction http://www.semanticwebbuilder.org/swb4/xforms/ontology# swbxf
2009-04-14 13:18:24,000 TRACE - Registering SemanticClass:http://www.semanticwebbuilder.org/swb4/xforms/ontology#ObjectAction --> org.semanticwb.model.ObjectAction
2009-04-14 13:18:24,016 TRACE - Registering SemanticClass:http://www.semanticwebbuilder.org/swb4/xforms/ontology#ObjectAction --> org.semanticwb.model.ObjectAction
2009-04-14 13:18:24,016 TRACE - SemanticClass:RichText org.semanticwb.model.RichText http://www.semanticwebbuilder.org/swb4/xforms/ontology# swbxf
2009-04-14 13:18:24,016 TRACE - Registering SemanticClass:http://www.semanticwebbuilder.org/swb4/xforms/ontology#RichText --> org.semanticwb.model.RichText
2009-04-14 13:18:24,016 TRACE - Registering SemanticClass:http://www.semanticwebbuilder.org/swb4/xforms/ontology#RichText --> org.semanticwb.model.RichText
2009-04-14 13:18:24,031 TRACE - SemanticClass:FileUpload org.semanticwb.model.FileUpload http://www.semanticwebbuilder.org/swb4/xforms/ontology# swbxf
2009-04-14 13:18:24,031 TRACE - Registering SemanticClass:http://www.semanticwebbuilder.org/swb4/xforms/ontology#FileUpload --> org.semanticwb.model.FileUpload
2009-04-14 13:18:24,031 TRACE - Registering SemanticClass:http://www.semanticwebbuilder.org/swb4/xforms/ontology#FileUpload --> org.semanticwb.model.FileUpload
2009-04-14 13:18:24,031 TRACE - Registering SemanticClass:http://www.semanticwebbuilder.org/swb4/xforms/ontology#FormView --> org.semanticwb.model.FormView
2009-04-14 13:18:24,031 TRACE - SemanticClass:TemplateRef org.semanticwb.model.TemplateRef http://www.semanticwebbuilder.org/swb4/ontology# swb
2009-04-14 13:18:24,031 TRACE - Registering SemanticClass:http://www.semanticwebbuilder.org/swb4/ontology#TemplateRef --> org.semanticwb.model.TemplateRef
2009-04-14 13:18:24,047 TRACE - Registering SemanticClass:http://www.semanticwebbuilder.org/swb4/ontology#TemplateRef --> org.semanticwb.model.TemplateRef
2009-04-14 13:18:24,047 TRACE - SemanticClass:SelectTree org.semanticwb.model.SelectTree http://www.semanticwebbuilder.org/swb4/xforms/ontology# swbxf
2009-04-14 13:18:24,047 TRACE - Registering SemanticClass:http://www.semanticwebbuilder.org/swb4/xforms/ontology#SelectTree --> org.semanticwb.model.SelectTree
2009-04-14 13:18:24,047 TRACE - Registering SemanticClass:http://www.semanticwebbuilder.org/swb4/xforms/ontology#SelectTree --> org.semanticwb.model.SelectTree
2009-04-14 13:18:24,063 TRACE - SemanticClass:PFlowRef org.semanticwb.model.PFlowRef http://www.semanticwebbuilder.org/swb4/ontology# swb
2009-04-14 13:18:24,063 TRACE - Registering SemanticClass:http://www.semanticwebbuilder.org/swb4/ontology#PFlowRef --> org.semanticwb.model.PFlowRef
2009-04-14 13:18:24,063 TRACE - Registering SemanticClass:http://www.semanticwebbuilder.org/swb4/ontology#PFlowRef --> org.semanticwb.model.PFlowRef
2009-04-14 13:18:24,063 TRACE - SemanticClass:VersionInfo org.semanticwb.model.VersionInfo http://www.semanticwebbuilder.org/swb4/ontology# swb
2009-04-14 13:18:24,063 TRACE - Registering SemanticClass:http://www.semanticwebbuilder.org/swb4/ontology#VersionInfo --> org.semanticwb.model.VersionInfo
2009-04-14 13:18:24,078 TRACE - Registering SemanticClass:http://www.semanticwebbuilder.org/swb4/ontology#VersionInfo --> org.semanticwb.model.VersionInfo
2009-04-14 13:18:24,078 TRACE - Registering SemanticClass:http://www.semanticwebbuilder.org/swb4/ontology#WebPageable --> org.semanticwb.model.WebPageable
2009-04-14 13:18:24,078 TRACE - Registering SemanticClass:http://www.semanticwebbuilder.org/swb4/ontology#Undeleteable --> org.semanticwb.model.Undeleteable
2009-04-14 13:18:24,078 TRACE - SemanticClass:MenuItem org.semanticwb.model.MenuItem http://www.semanticwebbuilder.org/swb4/xforms/ontology# swbxf
2009-04-14 13:18:24,078 TRACE - Registering SemanticClass:http://www.semanticwebbuilder.org/swb4/xforms/ontology#MenuItem --> org.semanticwb.model.MenuItem
2009-04-14 13:18:24,094 TRACE - Registering SemanticClass:http://www.semanticwebbuilder.org/swb4/xforms/ontology#MenuItem --> org.semanticwb.model.MenuItem
2009-04-14 13:18:24,094 TRACE - Registering SemanticClass:http://www.semanticwebbuilder.org/swb4/ontology#Hitable --> org.semanticwb.model.Hitable
2009-04-14 13:18:24,094 TRACE - Registering SemanticClass:http://www.semanticwebbuilder.org/swb4/ontology#UserGroup --> org.semanticwb.model.UserGroup
2009-04-14 13:18:24,094 TRACE - SemanticClass:PropertyGroup org.semanticwb.model.PropertyGroup http://www.semanticwebbuilder.org/swb4/xforms/ontology# swbxf
2009-04-14 13:18:24,094 TRACE - Registering SemanticClass:http://www.semanticwebbuilder.org/swb4/xforms/ontology#PropertyGroup --> org.semanticwb.model.PropertyGroup
2009-04-14 13:18:24,094 TRACE - Registering SemanticClass:http://www.semanticwebbuilder.org/swb4/xforms/ontology#PropertyGroup --> org.semanticwb.model.PropertyGroup
2009-04-14 13:18:24,110 TRACE - SemanticClass:Text org.semanticwb.model.Text http://www.semanticwebbuilder.org/swb4/xforms/ontology# swbxf
2009-04-14 13:18:24,110 TRACE - Registering SemanticClass:http://www.semanticwebbuilder.org/swb4/xforms/ontology#Text --> org.semanticwb.model.Text
2009-04-14 13:18:24,110 TRACE - Registering SemanticClass:http://www.semanticwebbuilder.org/swb4/xforms/ontology#Text --> org.semanticwb.model.Text
2009-04-14 13:18:24,110 TRACE - SemanticClass:Templateable org.semanticwb.model.Templateable http://www.semanticwebbuilder.org/swb4/ontology# swb
2009-04-14 13:18:24,110 TRACE - Registering SemanticClass:http://www.semanticwebbuilder.org/swb4/ontology#Templateable --> org.semanticwb.model.Templateable
2009-04-14 13:18:24,110 TRACE - Registering SemanticClass:http://www.semanticwebbuilder.org/swb4/ontology#Templateable --> org.semanticwb.model.Templateable
2009-04-14 13:18:24,110 TRACE - Registering SemanticClass:http://www.semanticwebbuilder.org/swb4/ontology#Hiddenable --> org.semanticwb.model.Hiddenable
2009-04-14 13:18:24,125 TRACE - SemanticClass:Referensable org.semanticwb.model.Referensable http://www.semanticwebbuilder.org/swb4/ontology# swb
2009-04-14 13:18:24,125 TRACE - Registering SemanticClass:http://www.semanticwebbuilder.org/swb4/ontology#Referensable --> org.semanticwb.model.Referensable
2009-04-14 13:18:24,125 TRACE - Registering SemanticClass:http://www.semanticwebbuilder.org/swb4/ontology#Referensable --> org.semanticwb.model.Referensable
2009-04-14 13:18:24,125 TRACE - SemanticClass:DisplayObject org.semanticwb.model.DisplayObject http://www.semanticwebbuilder.org/swb4/xforms/ontology# swbxf
2009-04-14 13:18:24,125 TRACE - Registering SemanticClass:http://www.semanticwebbuilder.org/swb4/xforms/ontology#DisplayObject --> org.semanticwb.model.DisplayObject
2009-04-14 13:18:24,125 TRACE - Registering SemanticClass:http://www.semanticwebbuilder.org/swb4/xforms/ontology#DisplayObject --> org.semanticwb.model.DisplayObject
2009-04-14 13:18:24,141 TRACE - SemanticClass:ResourceFilter org.semanticwb.model.ResourceFilter http://www.semanticwebbuilder.org/swb4/ontology# swb
2009-04-14 13:18:24,141 TRACE - Registering SemanticClass:http://www.semanticwebbuilder.org/swb4/ontology#ResourceFilter --> org.semanticwb.model.ResourceFilter
2009-04-14 13:18:24,141 TRACE - Registering SemanticClass:http://www.semanticwebbuilder.org/swb4/ontology#ResourceFilter --> org.semanticwb.model.ResourceFilter
2009-04-14 13:18:24,141 TRACE - SemanticClass:Calendar org.semanticwb.model.Calendar http://www.semanticwebbuilder.org/swb4/ontology# swb
2009-04-14 13:18:24,141 TRACE - Registering SemanticClass:http://www.semanticwebbuilder.org/swb4/ontology#Calendar --> org.semanticwb.model.Calendar
2009-04-14 13:18:24,156 TRACE - Registering SemanticClass:http://www.semanticwebbuilder.org/swb4/ontology#Calendar --> org.semanticwb.model.Calendar
2009-04-14 13:18:24,156 TRACE - Registering SemanticClass:http://www.semanticwebbuilder.org/swb4/ontology#Indexable --> org.semanticwb.model.Indexable
2009-04-14 13:18:24,156 TRACE - Registering SemanticClass:http://www.semanticwebbuilder.org/swb4/ontology#Sortable --> org.semanticwb.model.Sortable
2009-04-14 13:18:24,156 TRACE - SemanticClass:User org.semanticwb.model.User http://www.semanticwebbuilder.org/swb4/ontology# swb
2009-04-14 13:18:24,156 TRACE - Registering SemanticClass:http://www.semanticwebbuilder.org/swb4/ontology#User --> org.semanticwb.model.User
2009-04-14 13:18:24,172 TRACE - Registering SemanticClass:http://www.semanticwebbuilder.org/swb4/ontology#User --> org.semanticwb.model.User
2009-04-14 13:18:24,172 TRACE - SemanticClass:Language org.semanticwb.model.Language http://www.semanticwebbuilder.org/swb4/ontology# swb
2009-04-14 13:18:24,172 TRACE - Registering SemanticClass:http://www.semanticwebbuilder.org/swb4/ontology#Language --> org.semanticwb.model.Language
2009-04-14 13:18:24,172 TRACE - Registering SemanticClass:http://www.semanticwebbuilder.org/swb4/ontology#Language --> org.semanticwb.model.Language
2009-04-14 13:18:24,172 TRACE - Registering SemanticClass:http://www.semanticwebbuilder.org/swb4/ontology#Device --> org.semanticwb.model.Device
2009-04-14 13:18:24,172 TRACE - Registering SemanticClass:http://www.semanticwebbuilder.org/swb4/ontology#Role --> org.semanticwb.model.Role
2009-04-14 13:18:24,172 TRACE - Registering SemanticClass:http://www.semanticwebbuilder.org/swb4/ontology#ResourceType --> org.semanticwb.model.ResourceType
2009-04-14 13:18:24,172 TRACE - SemanticClass:RoleRef org.semanticwb.model.RoleRef http://www.semanticwebbuilder.org/swb4/ontology# swb
2009-04-14 13:18:24,172 TRACE - Registering SemanticClass:http://www.semanticwebbuilder.org/swb4/ontology#RoleRef --> org.semanticwb.model.RoleRef
2009-04-14 13:18:24,188 TRACE - Registering SemanticClass:http://www.semanticwebbuilder.org/swb4/ontology#RoleRef --> org.semanticwb.model.RoleRef
2009-04-14 13:18:24,188 TRACE - SemanticClass:SWBModel org.semanticwb.model.SWBModel http://www.semanticwebbuilder.org/swb4/ontology# swb
2009-04-14 13:18:24,188 TRACE - Registering SemanticClass:http://www.semanticwebbuilder.org/swb4/ontology#SWBModel --> org.semanticwb.model.SWBModel
2009-04-14 13:18:24,188 TRACE - Registering SemanticClass:http://www.semanticwebbuilder.org/swb4/ontology#SWBModel --> org.semanticwb.model.SWBModel
2009-04-14 13:18:24,203 TRACE - SemanticClass:SWBSemanticResource org.semanticwb.model.SWBPortalElement http://www.semanticwebbuilder.org/swb4/ontology# swb
2009-04-14 13:18:24,203 TRACE - Registering SemanticClass:http://www.semanticwebbuilder.org/swb4/ontology#SWBSemanticResource --> org.semanticwb.model.SWBPortalElement
2009-04-14 13:18:24,203 TRACE - Registering SemanticClass:http://www.semanticwebbuilder.org/swb4/ontology#SWBSemanticResource --> org.semanticwb.model.SWBPortalElement
2009-04-14 13:18:24,203 TRACE - SemanticClass:UserRepository org.semanticwb.model.UserRepository http://www.semanticwebbuilder.org/swb4/ontology# swb
2009-04-14 13:18:24,203 TRACE - Registering SemanticClass:http://www.semanticwebbuilder.org/swb4/ontology#UserRepository --> org.semanticwb.model.UserRepository
2009-04-14 13:18:24,219 TRACE - Registering SemanticClass:http://www.semanticwebbuilder.org/swb4/ontology#UserRepository --> org.semanticwb.model.UserRepository
2009-04-14 13:18:24,219 TRACE - SemanticClass:AdminFilter org.semanticwb.model.AdminFilter http://www.semanticwebbuilder.org/swb4/ontology# swb
2009-04-14 13:18:24,219 TRACE - Registering SemanticClass:http://www.semanticwebbuilder.org/swb4/ontology#AdminFilter --> org.semanticwb.model.AdminFilter
2009-04-14 13:18:24,219 TRACE - Registering SemanticClass:http://www.semanticwebbuilder.org/swb4/ontology#AdminFilter --> org.semanticwb.model.AdminFilter
2009-04-14 13:18:24,219 TRACE - SemanticClass:Reference org.semanticwb.model.Reference http://www.semanticwebbuilder.org/swb4/ontology# swb
2009-04-14 13:18:24,219 TRACE - Registering SemanticClass:http://www.semanticwebbuilder.org/swb4/ontology#Reference --> org.semanticwb.model.Reference
2009-04-14 13:18:24,235 TRACE - Registering SemanticClass:http://www.semanticwebbuilder.org/swb4/ontology#Reference --> org.semanticwb.model.Reference
2009-04-14 13:18:24,235 TRACE - SemanticClass:PasswordUpdate org.semanticwb.model.PasswordUpdate http://www.semanticwebbuilder.org/swb4/xforms/ontology# swbxf
2009-04-14 13:18:24,235 TRACE - Registering SemanticClass:http://www.semanticwebbuilder.org/swb4/xforms/ontology#PasswordUpdate --> org.semanticwb.model.PasswordUpdate
2009-04-14 13:18:24,235 TRACE - Registering SemanticClass:http://www.semanticwebbuilder.org/swb4/xforms/ontology#PasswordUpdate --> org.semanticwb.model.PasswordUpdate
2009-04-14 13:18:24,235 TRACE - Registering SemanticClass:http://www.semanticwebbuilder.org/swb4/ontology#RoleRefable --> org.semanticwb.model.RoleRefable
2009-04-14 13:18:24,250 TRACE - SemanticClass:resource org.semanticwb.repository.Resource http://www.jcp.org/jcr/nt/1.0# nt
2009-04-14 13:18:24,250 TRACE - Registering SemanticClass:http://www.jcp.org/jcr/nt/1.0#resource --> org.semanticwb.repository.Resource
2009-04-14 13:18:24,250 TRACE - SemanticClass:referenceable org.semanticwb.repository.Referenceable http://www.jcp.org/jcr/mix/1.0# mix
2009-04-14 13:18:24,250 TRACE - Registering SemanticClass:http://www.jcp.org/jcr/mix/1.0#referenceable --> org.semanticwb.repository.Referenceable
2009-04-14 13:18:24,250 TRACE - Registering SemanticClass:http://www.jcp.org/jcr/nt/1.0#resource --> org.semanticwb.repository.Resource
2009-04-14 13:18:24,266 TRACE - SemanticClass:Nameable org.semanticwb.repository.Nameable http://www.semanticwebbuilder.org/swb4/repository# swbrep
2009-04-14 13:18:24,266 TRACE - Registering SemanticClass:http://www.semanticwebbuilder.org/swb4/repository#Nameable --> org.semanticwb.repository.Nameable
2009-04-14 13:18:24,266 TRACE - Registering SemanticClass:http://www.semanticwebbuilder.org/swb4/repository#Nameable --> org.semanticwb.repository.Nameable
2009-04-14 13:18:24,266 TRACE - SemanticClass:versionLabels org.semanticwb.repository.VersionLabels http://www.jcp.org/jcr/nt/1.0# nt
2009-04-14 13:18:24,266 TRACE - Registering SemanticClass:http://www.jcp.org/jcr/nt/1.0#versionLabels --> org.semanticwb.repository.VersionLabels
2009-04-14 13:18:24,281 TRACE - Registering SemanticClass:http://www.jcp.org/jcr/nt/1.0#versionLabels --> org.semanticwb.repository.VersionLabels
2009-04-14 13:18:24,281 TRACE - SemanticClass:versionable org.semanticwb.repository.Versionable http://www.jcp.org/jcr/mix/1.0# mix
2009-04-14 13:18:24,281 TRACE - Registering SemanticClass:http://www.jcp.org/jcr/mix/1.0#versionable --> org.semanticwb.repository.Versionable
2009-04-14 13:18:24,281 TRACE - Registering SemanticClass:http://www.jcp.org/jcr/mix/1.0#versionable --> org.semanticwb.repository.Versionable
2009-04-14 13:18:24,281 TRACE - SemanticClass:hierarchyNode org.semanticwb.repository.HierarchyNode http://www.jcp.org/jcr/nt/1.0# nt
2009-04-14 13:18:24,281 TRACE - Registering SemanticClass:http://www.jcp.org/jcr/nt/1.0#hierarchyNode --> org.semanticwb.repository.HierarchyNode
2009-04-14 13:18:24,297 TRACE - SemanticClass:Traceable org.semanticwb.repository.Traceable http://www.semanticwebbuilder.org/swb4/repository# swbrep
2009-04-14 13:18:24,297 TRACE - Registering SemanticClass:http://www.semanticwebbuilder.org/swb4/repository#Traceable --> org.semanticwb.repository.Traceable
2009-04-14 13:18:24,297 TRACE - Registering SemanticClass:http://www.jcp.org/jcr/nt/1.0#hierarchyNode --> org.semanticwb.repository.HierarchyNode
2009-04-14 13:18:24,297 TRACE - Registering SemanticClass:http://www.jcp.org/jcr/nt/1.0#base --> org.semanticwb.repository.BaseNode
2009-04-14 13:18:24,313 TRACE - SemanticClass:unstructured org.semanticwb.repository.Unstructured http://www.jcp.org/jcr/nt/1.0# nt
2009-04-14 13:18:24,313 TRACE - Registering SemanticClass:http://www.jcp.org/jcr/nt/1.0#unstructured --> org.semanticwb.repository.Unstructured
2009-04-14 13:18:24,313 TRACE - Registering SemanticClass:http://www.jcp.org/jcr/nt/1.0#unstructured --> org.semanticwb.repository.Unstructured
2009-04-14 13:18:24,313 TRACE - SemanticClass:frozenNode org.semanticwb.repository.FrozenNode http://www.jcp.org/jcr/nt/1.0# nt
2009-04-14 13:18:24,313 TRACE - Registering SemanticClass:http://www.jcp.org/jcr/nt/1.0#frozenNode --> org.semanticwb.repository.FrozenNode
2009-04-14 13:18:24,313 TRACE - Registering SemanticClass:http://www.jcp.org/jcr/nt/1.0#frozenNode --> org.semanticwb.repository.FrozenNode
2009-04-14 13:18:24,328 TRACE - SemanticClass:propertyDefinition org.semanticwb.repository.PropertyDefinition http://www.jcp.org/jcr/nt/1.0# nt
2009-04-14 13:18:24,328 TRACE - Registering SemanticClass:http://www.jcp.org/jcr/nt/1.0#propertyDefinition --> org.semanticwb.repository.PropertyDefinition
2009-04-14 13:18:24,328 TRACE - SemanticClass:PropertyDefinition org.semanticwb.repository.PropertyDefinition http://www.semanticwebbuilder.org/swb4/repository# swbrep
2009-04-14 13:18:24,328 TRACE - Registering SemanticClass:http://www.semanticwebbuilder.org/swb4/repository#PropertyDefinition --> org.semanticwb.repository.PropertyDefinition
2009-04-14 13:18:24,344 TRACE - SemanticClass:CommonPropertiesforDefinition org.semanticwb.repository.CommonPropertiesforDefinition http://www.semanticwebbuilder.org/swb4/repository# swbrep
2009-04-14 13:18:24,344 TRACE - Registering SemanticClass:http://www.semanticwebbuilder.org/swb4/repository#CommonPropertiesforDefinition --> org.semanticwb.repository.CommonPropertiesforDefinition
2009-04-14 13:18:24,344 TRACE - Registering SemanticClass:http://www.jcp.org/jcr/nt/1.0#propertyDefinition --> org.semanticwb.repository.PropertyDefinition
2009-04-14 13:18:24,344 TRACE - SemanticClass:version org.semanticwb.repository.Version http://www.jcp.org/jcr/nt/1.0# nt
2009-04-14 13:18:24,344 TRACE - Registering SemanticClass:http://www.jcp.org/jcr/nt/1.0#version --> org.semanticwb.repository.Version
2009-04-14 13:18:24,360 TRACE - Registering SemanticClass:http://www.jcp.org/jcr/nt/1.0#version --> org.semanticwb.repository.Version
2009-04-14 13:18:24,360 TRACE - SemanticClass:Workspace org.semanticwb.repository.Workspace http://www.semanticwebbuilder.org/swb4/repository# swbrep
2009-04-14 13:18:24,360 TRACE - Registering SemanticClass:http://www.semanticwebbuilder.org/swb4/repository#Workspace --> org.semanticwb.repository.Workspace
2009-04-14 13:18:24,438 TRACE - Registering SemanticClass:http://www.semanticwebbuilder.org/swb4/repository#Workspace --> org.semanticwb.repository.Workspace
2009-04-14 13:18:24,438 TRACE - SemanticClass:file org.semanticwb.repository.File http://www.jcp.org/jcr/nt/1.0# nt
2009-04-14 13:18:24,438 TRACE - Registering SemanticClass:http://www.jcp.org/jcr/nt/1.0#file --> org.semanticwb.repository.File
2009-04-14 13:18:24,438 TRACE - Registering SemanticClass:http://www.jcp.org/jcr/nt/1.0#file --> org.semanticwb.repository.File
2009-04-14 13:18:24,438 TRACE - Registering SemanticClass:http://www.semanticwebbuilder.org/swb4/repository#Traceable --> org.semanticwb.repository.Traceable
2009-04-14 13:18:24,438 TRACE - Registering SemanticClass:http://www.jcp.org/jcr/mix/1.0#referenceable --> org.semanticwb.repository.Referenceable
2009-04-14 13:18:24,453 TRACE - SemanticClass:ChildNodeDefinition org.semanticwb.repository.ChildNodeDefinition http://www.semanticwebbuilder.org/swb4/repository# swbrep
2009-04-14 13:18:24,453 TRACE - Registering SemanticClass:http://www.semanticwebbuilder.org/swb4/repository#ChildNodeDefinition --> org.semanticwb.repository.ChildNodeDefinition
2009-04-14 13:18:24,453 TRACE - Registering SemanticClass:http://www.semanticwebbuilder.org/swb4/repository#ChildNodeDefinition --> org.semanticwb.repository.ChildNodeDefinition
2009-04-14 13:18:24,453 TRACE - SemanticClass:childNodeDefinition org.semanticwb.repository.ChildNodeDefinition http://www.jcp.org/jcr/nt/1.0# nt
2009-04-14 13:18:24,453 TRACE - Registering SemanticClass:http://www.jcp.org/jcr/nt/1.0#childNodeDefinition --> org.semanticwb.repository.ChildNodeDefinition
2009-04-14 13:18:24,469 TRACE - Registering SemanticClass:http://www.jcp.org/jcr/nt/1.0#childNodeDefinition --> org.semanticwb.repository.ChildNodeDefinition
2009-04-14 13:18:24,469 TRACE - SemanticClass:folder org.semanticwb.repository.Folder http://www.jcp.org/jcr/nt/1.0# nt
2009-04-14 13:18:24,469 TRACE - Registering SemanticClass:http://www.jcp.org/jcr/nt/1.0#folder --> org.semanticwb.repository.Folder
2009-04-14 13:18:24,469 TRACE - Registering SemanticClass:http://www.jcp.org/jcr/nt/1.0#folder --> org.semanticwb.repository.Folder
2009-04-14 13:18:24,485 TRACE - SemanticClass:lockable org.semanticwb.repository.Lockable http://www.jcp.org/jcr/mix/1.0# mix
2009-04-14 13:18:24,485 TRACE - Registering SemanticClass:http://www.jcp.org/jcr/mix/1.0#lockable --> org.semanticwb.repository.Lockable
2009-04-14 13:18:24,485 TRACE - Registering SemanticClass:http://www.jcp.org/jcr/mix/1.0#lockable --> org.semanticwb.repository.Lockable
2009-04-14 13:18:24,485 TRACE - Registering SemanticClass:http://www.semanticwebbuilder.org/swb4/repository#CommonPropertiesforDefinition --> org.semanticwb.repository.CommonPropertiesforDefinition
2009-04-14 13:18:24,485 TRACE - Registering SemanticClass:http://www.semanticwebbuilder.org/swb4/repository#PropertyDefinition --> org.semanticwb.repository.PropertyDefinition
2009-04-14 13:18:24,485 TRACE - SemanticClass:ClassDefinition org.semanticwb.repository.ClassDefinition http://www.semanticwebbuilder.org/swb4/repository# swbrep
2009-04-14 13:18:24,485 TRACE - Registering SemanticClass:http://www.semanticwebbuilder.org/swb4/repository#ClassDefinition --> org.semanticwb.repository.ClassDefinition
2009-04-14 13:18:24,485 TRACE - Registering SemanticClass:http://www.semanticwebbuilder.org/swb4/repository#ClassDefinition --> org.semanticwb.repository.ClassDefinition
2009-04-14 13:18:24,500 TRACE - SemanticClass:versionHistory org.semanticwb.repository.VersionHistory http://www.jcp.org/jcr/nt/1.0# nt
2009-04-14 13:18:24,500 TRACE - Registering SemanticClass:http://www.jcp.org/jcr/nt/1.0#versionHistory --> org.semanticwb.repository.VersionHistory
2009-04-14 13:18:24,500 TRACE - Registering SemanticClass:http://www.jcp.org/jcr/nt/1.0#versionHistory --> org.semanticwb.repository.VersionHistory
2009-04-14 13:18:24,500 TRACE - SemanticClass:OfficeCategory org.semanticwb.repository.office.OfficeCategory http://www.semanticwebbuilder.org/office# swboffice
2009-04-14 13:18:24,500 TRACE - Registering SemanticClass:http://www.semanticwebbuilder.org/office#OfficeCategory --> org.semanticwb.repository.office.OfficeCategory
2009-04-14 13:18:24,516 TRACE - SemanticClass:Descriptiveable org.semanticwb.repository.office.Descriptiveable http://www.semanticwebbuilder.org/office# swboffice
2009-04-14 13:18:24,516 TRACE - Registering SemanticClass:http://www.semanticwebbuilder.org/office#Descriptiveable --> org.semanticwb.repository.office.Descriptiveable
2009-04-14 13:18:24,531 TRACE - SemanticClass:Traceable org.semanticwb.repository.office.Traceable http://www.semanticwebbuilder.org/office# swboffice
2009-04-14 13:18:24,531 TRACE - Registering SemanticClass:http://www.semanticwebbuilder.org/office#Traceable --> org.semanticwb.repository.office.Traceable
2009-04-14 13:18:24,531 TRACE - Registering SemanticClass:http://www.semanticwebbuilder.org/office#OfficeCategory --> org.semanticwb.repository.office.OfficeCategory
2009-04-14 13:18:24,547 TRACE - SemanticClass:PPTResource org.semanticwb.resource.office.sem.PPTResource http://www.semanticwebbuilder.org/office# swboffice
2009-04-14 13:18:24,547 TRACE - Registering SemanticClass:http://www.semanticwebbuilder.org/office#PPTResource --> org.semanticwb.resource.office.sem.PPTResource
2009-04-14 13:18:24,547 TRACE - SemanticClass:OfficeResource org.semanticwb.resource.office.sem.OfficeResource http://www.semanticwebbuilder.org/office# swboffice
2009-04-14 13:18:24,547 TRACE - Registering SemanticClass:http://www.semanticwebbuilder.org/office#OfficeResource --> org.semanticwb.resource.office.sem.OfficeResource
2009-04-14 13:18:24,547 TRACE - Registering SemanticClass:http://www.semanticwebbuilder.org/office#PPTResource --> org.semanticwb.resource.office.sem.PPTResource
2009-04-14 13:18:24,547 TRACE - Registering SemanticClass:http://www.semanticwebbuilder.org/office#Traceable --> org.semanticwb.repository.office.Traceable
2009-04-14 13:18:24,563 TRACE - SemanticClass:ExcelResource org.semanticwb.resource.office.sem.ExcelResource http://www.semanticwebbuilder.org/office# swboffice
2009-04-14 13:18:24,563 TRACE - Registering SemanticClass:http://www.semanticwebbuilder.org/office#ExcelResource --> org.semanticwb.resource.office.sem.ExcelResource
2009-04-14 13:18:24,563 TRACE - Registering SemanticClass:http://www.semanticwebbuilder.org/office#ExcelResource --> org.semanticwb.resource.office.sem.ExcelResource
2009-04-14 13:18:24,563 TRACE - SemanticClass:OfficeContent org.semanticwb.repository.office.OfficeContent http://www.semanticwebbuilder.org/office# swboffice
2009-04-14 13:18:24,563 TRACE - Registering SemanticClass:http://www.semanticwebbuilder.org/office#OfficeContent --> org.semanticwb.repository.office.OfficeContent
2009-04-14 13:18:24,578 TRACE - Registering SemanticClass:http://www.semanticwebbuilder.org/office#OfficeContent --> org.semanticwb.repository.office.OfficeContent
2009-04-14 13:18:24,578 TRACE - SemanticClass:WordResource org.semanticwb.resource.office.sem.WordResource http://www.semanticwebbuilder.org/office# swboffice
2009-04-14 13:18:24,578 TRACE - Registering SemanticClass:http://www.semanticwebbuilder.org/office#WordResource --> org.semanticwb.resource.office.sem.WordResource
2009-04-14 13:18:24,578 TRACE - Registering SemanticClass:http://www.semanticwebbuilder.org/office#WordResource --> org.semanticwb.resource.office.sem.WordResource
2009-04-14 13:18:24,594 TRACE - SemanticClass:OfficeDocument org.semanticwb.repository.office.OfficeDocument http://www.semanticwebbuilder.org/office# swboffice
2009-04-14 13:18:24,594 TRACE - Registering SemanticClass:http://www.semanticwebbuilder.org/office#OfficeDocument --> org.semanticwb.repository.office.OfficeDocument
2009-04-14 13:18:24,594 TRACE - Registering SemanticClass:http://www.semanticwebbuilder.org/office#OfficeDocument --> org.semanticwb.repository.office.OfficeDocument
2009-04-14 13:18:24,594 TRACE - Registering SemanticClass:http://www.semanticwebbuilder.org/office#OfficeResource --> org.semanticwb.resource.office.sem.OfficeResource
2009-04-14 13:18:24,594 TRACE - Registering SemanticClass:http://www.semanticwebbuilder.org/office#Descriptiveable --> org.semanticwb.repository.office.Descriptiveable
2009-04-14 13:18:24,594 DEBUG - loadDBModels
2009-04-14 13:18:24,703 TRACE - LoadingModel:SWBAdmin
2009-04-14 13:18:24,797 WARN - \swbadmin\rdf\SWBAdmin.rdf (El sistema no puede hallar la ruta especificada)
2009-04-14 13:18:24,797 TRACE - LoadingModel:uradm
2009-04-14 13:18:24,813 TRACE - LoadingModel:SWBGlobal
2009-04-14 13:18:24,828 TRACE - LoadingModel:urswb
2009-04-14 13:18:24,844 TRACE - LoadingModel:defaultWorkspace
2009-04-14 13:18:24,860 TRACE - LoadingModel:sep
2009-04-14 13:18:24,875 TRACE - LoadingModel:sep_usr
2009-04-14 13:18:24,891 TRACE - LoadingModel:demo
2009-04-14 13:18:24,906 TRACE - LoadingModel:demo_usr
2009-04-14 13:18:24,953 OFF - Initializing SemanticWebBuilder Context...
2009-04-14 13:18:24,985 OFF - Initializing SemanticWebBuilder Portal...
2009-04-14 13:18:25,016 OFF - Creating Admin WebSite...
2009-04-14 13:18:25,031 WARN - \swbadmin\rdf\SWBAdmin.rdf (El sistema no puede hallar la ruta especificada)
2009-04-14 13:18:25,063 TRACE - close:(1239733105063,swb):2
2009-04-14 13:18:25,063 OFF - Initializing SWBUserMgr...
2009-04-14 13:18:25,063 OFF - Initializing SWBMonitor(500,5s)...
2009-04-14 13:18:25,063 OFF - Initializing SWBResourceMgr...
2009-04-14 13:18:25,078 OFF - Initializing SWBResourceCachedMgr: 100
2009-04-14 13:18:25,406 OFF - Initializing SWBTemplateMgr...
2009-04-14 13:18:25,406 OFF - Initializing SWBServiceMgr...
2009-04-14 13:18:25,438 ERROR - Error while looking for properties key
java.util.MissingResourceException: Can't find bundle for base name locale_core, locale en
	at java.util.ResourceBundle.throwMissingResourceException(ResourceBundle.java:836)
	at java.util.ResourceBundle.getBundleImpl(ResourceBundle.java:805)
	at java.util.ResourceBundle.getBundle(ResourceBundle.java:576)
	at org.semanticwb.SWBUtils$TEXT.getLocaleString(SWBUtils.java:474)
	at org.semanticwb.SWBUtils$TEXT.getLocaleString(SWBUtils.java:467)
	at org.semanticwb.SWBUtils$TEXT.getLocaleString(SWBUtils.java:463)
	at org.semanticwb.portal.db.SWBDBAdmLog.<init>(SWBDBAdmLog.java:35)
	at org.semanticwb.SWBPortal.init(SWBPortal.java:197)
	at org.semanticwb.SWBPortal.<init>(SWBPortal.java:69)
	at org.semanticwb.SWBPortal.createInstance(SWBPortal.java:62)
	at sun.reflect.NativeMethodAccessorImpl.invoke0(Native Method)
	at sun.reflect.NativeMethodAccessorImpl.invoke(NativeMethodAccessorImpl.java:39)
	at sun.reflect.DelegatingMethodAccessorImpl.invoke(DelegatingMethodAccessorImpl.java:25)
	at java.lang.reflect.Method.invoke(Method.java:585)
	at org.semanticwb.SWBPlatform.createInstance(SWBPlatform.java:292)
	at org.semanticwb.SWBPlatform.init(SWBPlatform.java:146)
	at org.semanticwb.SWBPlatform.<init>(SWBPlatform.java:54)
	at org.semanticwb.SWBPlatform.createInstance(SWBPlatform.java:279)
	at org.semanticwb.codegen.CodeGeneratorOffice.setUpClass(CodeGeneratorOffice.java:30)
	at sun.reflect.NativeMethodAccessorImpl.invoke0(Native Method)
	at sun.reflect.NativeMethodAccessorImpl.invoke(NativeMethodAccessorImpl.java:39)
	at sun.reflect.DelegatingMethodAccessorImpl.invoke(DelegatingMethodAccessorImpl.java:25)
	at java.lang.reflect.Method.invoke(Method.java:585)
	at org.junit.runners.model.FrameworkMethod$1.runReflectiveCall(FrameworkMethod.java:44)
	at org.junit.internal.runners.model.ReflectiveCallable.run(ReflectiveCallable.java:15)
	at org.junit.runners.model.FrameworkMethod.invokeExplosively(FrameworkMethod.java:41)
	at org.junit.internal.runners.statements.RunBefores.evaluate(RunBefores.java:27)
	at org.junit.internal.runners.statements.RunAfters.evaluate(RunAfters.java:31)
	at org.junit.runners.ParentRunner.run(ParentRunner.java:220)
	at junit.framework.JUnit4TestAdapter.run(JUnit4TestAdapter.java:39)
	at org.apache.tools.ant.taskdefs.optional.junit.JUnitTestRunner.run(JUnitTestRunner.java:515)
	at org.apache.tools.ant.taskdefs.optional.junit.JUnitTestRunner.launch(JUnitTestRunner.java:1031)
	at org.apache.tools.ant.taskdefs.optional.junit.JUnitTestRunner.main(JUnitTestRunner.java:888)
2009-04-14 13:18:25,438 OFF - 
2009-04-14 13:18:25,453 OFF - Initializing SWBMessageCenter...
2009-04-14 13:18:25,453 ERROR - SWBMessageCenter Init Error...
java.lang.NullPointerException
	at org.semanticwb.portal.SWBMessageCenter.init(SWBMessageCenter.java:69)
	at org.semanticwb.SWBPortal.init(SWBPortal.java:201)
	at org.semanticwb.SWBPortal.<init>(SWBPortal.java:69)
	at org.semanticwb.SWBPortal.createInstance(SWBPortal.java:62)
	at sun.reflect.NativeMethodAccessorImpl.invoke0(Native Method)
	at sun.reflect.NativeMethodAccessorImpl.invoke(NativeMethodAccessorImpl.java:39)
	at sun.reflect.DelegatingMethodAccessorImpl.invoke(DelegatingMethodAccessorImpl.java:25)
	at java.lang.reflect.Method.invoke(Method.java:585)
	at org.semanticwb.SWBPlatform.createInstance(SWBPlatform.java:292)
	at org.semanticwb.SWBPlatform.init(SWBPlatform.java:146)
	at org.semanticwb.SWBPlatform.<init>(SWBPlatform.java:54)
	at org.semanticwb.SWBPlatform.createInstance(SWBPlatform.java:279)
	at org.semanticwb.codegen.CodeGeneratorOffice.setUpClass(CodeGeneratorOffice.java:30)
	at sun.reflect.NativeMethodAccessorImpl.invoke0(Native Method)
	at sun.reflect.NativeMethodAccessorImpl.invoke(NativeMethodAccessorImpl.java:39)
	at sun.reflect.DelegatingMethodAccessorImpl.invoke(DelegatingMethodAccessorImpl.java:25)
	at java.lang.reflect.Method.invoke(Method.java:585)
	at org.junit.runners.model.FrameworkMethod$1.runReflectiveCall(FrameworkMethod.java:44)
	at org.junit.internal.runners.model.ReflectiveCallable.run(ReflectiveCallable.java:15)
	at org.junit.runners.model.FrameworkMethod.invokeExplosively(FrameworkMethod.java:41)
	at org.junit.internal.runners.statements.RunBefores.evaluate(RunBefores.java:27)
	at org.junit.internal.runners.statements.RunAfters.evaluate(RunAfters.java:31)
	at org.junit.runners.ParentRunner.run(ParentRunner.java:220)
	at junit.framework.JUnit4TestAdapter.run(JUnit4TestAdapter.java:39)
	at org.apache.tools.ant.taskdefs.optional.junit.JUnitTestRunner.run(JUnitTestRunner.java:515)
	at org.apache.tools.ant.taskdefs.optional.junit.JUnitTestRunner.launch(JUnitTestRunner.java:1031)
	at org.apache.tools.ant.taskdefs.optional.junit.JUnitTestRunner.main(JUnitTestRunner.java:888)
2009-04-14 13:18:25,547 OFF - Initializing SWBAccessLog...
2009-04-14 13:18:25,578 OFF - Initializing SWBAccessIncrement...
2009-04-14 13:18:25,594 OFF - SWBRuleMgr Initialized...
2009-04-14 13:18:25,594 DEBUG - Loading admin Files from: /WEB-INF/lib/SWBAdmin.jar
2009-04-14 13:18:25,594 WARN - Error loading files for Webbuilder Administration:/WEB-INF/lib/SWBAdmin.jar
java.io.FileNotFoundException: \WEB-INF\lib\SWBAdmin.jar (El sistema no puede hallar la ruta especificada)
	at java.util.zip.ZipFile.open(Native Method)
	at java.util.zip.ZipFile.<init>(ZipFile.java:203)
	at java.util.zip.ZipFile.<init>(ZipFile.java:84)
	at org.semanticwb.SWBPortal.init(SWBPortal.java:215)
	at org.semanticwb.SWBPortal.<init>(SWBPortal.java:69)
	at org.semanticwb.SWBPortal.createInstance(SWBPortal.java:62)
	at sun.reflect.NativeMethodAccessorImpl.invoke0(Native Method)
	at sun.reflect.NativeMethodAccessorImpl.invoke(NativeMethodAccessorImpl.java:39)
	at sun.reflect.DelegatingMethodAccessorImpl.invoke(DelegatingMethodAccessorImpl.java:25)
	at java.lang.reflect.Method.invoke(Method.java:585)
	at org.semanticwb.SWBPlatform.createInstance(SWBPlatform.java:292)
	at org.semanticwb.SWBPlatform.init(SWBPlatform.java:146)
	at org.semanticwb.SWBPlatform.<init>(SWBPlatform.java:54)
	at org.semanticwb.SWBPlatform.createInstance(SWBPlatform.java:279)
	at org.semanticwb.codegen.CodeGeneratorOffice.setUpClass(CodeGeneratorOffice.java:30)
	at sun.reflect.NativeMethodAccessorImpl.invoke0(Native Method)
	at sun.reflect.NativeMethodAccessorImpl.invoke(NativeMethodAccessorImpl.java:39)
	at sun.reflect.DelegatingMethodAccessorImpl.invoke(DelegatingMethodAccessorImpl.java:25)
	at java.lang.reflect.Method.invoke(Method.java:585)
	at org.junit.runners.model.FrameworkMethod$1.runReflectiveCall(FrameworkMethod.java:44)
	at org.junit.internal.runners.model.ReflectiveCallable.run(ReflectiveCallable.java:15)
	at org.junit.runners.model.FrameworkMethod.invokeExplosively(FrameworkMethod.java:41)
	at org.junit.internal.runners.statements.RunBefores.evaluate(RunBefores.java:27)
	at org.junit.internal.runners.statements.RunAfters.evaluate(RunAfters.java:31)
	at org.junit.runners.ParentRunner.run(ParentRunner.java:220)
	at junit.framework.JUnit4TestAdapter.run(JUnit4TestAdapter.java:39)
	at org.apache.tools.ant.taskdefs.optional.junit.JUnitTestRunner.run(JUnitTestRunner.java:515)
	at org.apache.tools.ant.taskdefs.optional.junit.JUnitTestRunner.launch(JUnitTestRunner.java:1031)
	at org.apache.tools.ant.taskdefs.optional.junit.JUnitTestRunner.main(JUnitTestRunner.java:888)
2009-04-14 13:18:25,594 DEBUG - Loading admin Files from: /WEB-INF/lib/dojo.jar
2009-04-14 13:18:25,594 WARN - Error loading files for Webbuilder Administration:/WEB-INF/lib/dojo.zip
java.io.FileNotFoundException: \WEB-INF\lib\dojo.jar (El sistema no puede hallar la ruta especificada)
	at java.util.zip.ZipFile.open(Native Method)
	at java.util.zip.ZipFile.<init>(ZipFile.java:203)
	at java.util.zip.ZipFile.<init>(ZipFile.java:84)
	at org.semanticwb.SWBPortal.init(SWBPortal.java:231)
	at org.semanticwb.SWBPortal.<init>(SWBPortal.java:69)
	at org.semanticwb.SWBPortal.createInstance(SWBPortal.java:62)
	at sun.reflect.NativeMethodAccessorImpl.invoke0(Native Method)
	at sun.reflect.NativeMethodAccessorImpl.invoke(NativeMethodAccessorImpl.java:39)
	at sun.reflect.DelegatingMethodAccessorImpl.invoke(DelegatingMethodAccessorImpl.java:25)
	at java.lang.reflect.Method.invoke(Method.java:585)
	at org.semanticwb.SWBPlatform.createInstance(SWBPlatform.java:292)
	at org.semanticwb.SWBPlatform.init(SWBPlatform.java:146)
	at org.semanticwb.SWBPlatform.<init>(SWBPlatform.java:54)
	at org.semanticwb.SWBPlatform.createInstance(SWBPlatform.java:279)
	at org.semanticwb.codegen.CodeGeneratorOffice.setUpClass(CodeGeneratorOffice.java:30)
	at sun.reflect.NativeMethodAccessorImpl.invoke0(Native Method)
	at sun.reflect.NativeMethodAccessorImpl.invoke(NativeMethodAccessorImpl.java:39)
	at sun.reflect.DelegatingMethodAccessorImpl.invoke(DelegatingMethodAccessorImpl.java:25)
	at java.lang.reflect.Method.invoke(Method.java:585)
	at org.junit.runners.model.FrameworkMethod$1.runReflectiveCall(FrameworkMethod.java:44)
	at org.junit.internal.runners.model.ReflectiveCallable.run(ReflectiveCallable.java:15)
	at org.junit.runners.model.FrameworkMethod.invokeExplosively(FrameworkMethod.java:41)
	at org.junit.internal.runners.statements.RunBefores.evaluate(RunBefores.java:27)
	at org.junit.internal.runners.statements.RunAfters.evaluate(RunAfters.java:31)
	at org.junit.runners.ParentRunner.run(ParentRunner.java:220)
	at junit.framework.JUnit4TestAdapter.run(JUnit4TestAdapter.java:39)
	at org.apache.tools.ant.taskdefs.optional.junit.JUnitTestRunner.run(JUnitTestRunner.java:515)
	at org.apache.tools.ant.taskdefs.optional.junit.JUnitTestRunner.launch(JUnitTestRunner.java:1031)
	at org.apache.tools.ant.taskdefs.optional.junit.JUnitTestRunner.main(JUnitTestRunner.java:888)
Generación de clases completa
]]></system-out>
  <system-err><![CDATA[]]></system-err>
</testsuite>
